Using pre-set license
Built from '2020.3/staging' branch; Version is '2020.3.24f1 (79c78de19888) revision 7980941'; Using compiler version '192528614'; Build Type 'Release'
OS: 'Windows 10  (10.0.19044) 64bit Professional' Language: 'ko' Physical Memory: 16266 MB
BatchMode: 1, IsHumanControllingUs: 0, StartBugReporterOnCrash: 0, Is64bit: 1, IsPro: 0

COMMAND LINE ARGUMENTS:
C:\Users\User\Unity\2020.3.24f1\Editor\Unity.exe
-adb2
-batchMode
-noUpm
-name
AssetImportWorker0
-projectPath
D:/Unity/Github/MyStudy/HomeWorkUnity
-logFile
Logs/AssetImportWorker0.log
-srvPort
65166
Successfully changed project path to: D:/Unity/Github/MyStudy/HomeWorkUnity
D:/Unity/Github/MyStudy/HomeWorkUnity
Using Asset Import Pipeline V2.
Refreshing native plugins compatible for Editor in 50.13 ms, found 3 plugins.
Preloading 0 native plugins for Editor in 0.00 ms.
Initialize engine version: 2020.3.24f1 (79c78de19888)
[Subsystems] Discovering subsystems at path C:/Users/User/Unity/2020.3.24f1/Editor/Data/Resources/UnitySubsystems
[Subsystems] Discovering subsystems at path D:/Unity/Github/MyStudy/HomeWorkUnity/Assets
GfxDevice: creating device client; threaded=0
Direct3D:
    Version:  Direct3D 11.0 [level 11.1]
    Renderer: NVIDIA GeForce GTX 1060 3GB (ID=0x1b84)
    Vendor:   
    VRAM:     2988 MB
    Driver:   27.21.14.5671
Initialize mono
Mono path[0] = 'C:/Users/User/Unity/2020.3.24f1/Editor/Data/Managed'
Mono path[1] = 'C:/Users/User/Unity/2020.3.24f1/Editor/Data/MonoBleedingEdge/lib/mono/unityjit'
Mono config path = 'C:/Users/User/Unity/2020.3.24f1/Editor/Data/MonoBleedingEdge/etc'
Using monoOptions --debugger-agent=transport=dt_socket,embedding=1,server=y,suspend=n,address=127.0.0.1:56524
Begin MonoManager ReloadAssembly
Registering precompiled unity dll's ...
Register platform support module: C:/Users/User/Unity/2020.3.24f1/Editor/Data/PlaybackEngines/WebGLSupport/UnityEditor.WebGL.Extensions.dll
Register platform support module: C:/Users/User/Unity/2020.3.24f1/Editor/Data/PlaybackEngines/WindowsStandaloneSupport/UnityEditor.WindowsStandalone.Extensions.dll
Registered in 0.002928 seconds.
Native extension for WindowsStandalone target not found
Native extension for WebGL target not found
Refreshing native plugins compatible for Editor in 47.87 ms, found 3 plugins.
Preloading 0 native plugins for Editor in 0.00 ms.
Mono: successfully reloaded assembly
- Completed reload, in  0.635 seconds
Domain Reload Profiling:
	ReloadAssembly (635ms)
		BeginReloadAssembly (67ms)
			ExecutionOrderSort (0ms)
			DisableScriptedObjects (0ms)
			BackupInstance (0ms)
			ReleaseScriptingObjects (0ms)
			CreateAndSetChildDomain (1ms)
		EndReloadAssembly (490ms)
			LoadAssemblies (65ms)
			RebuildTransferFunctionScriptingTraits (0ms)
			SetupTypeCache (161ms)
			ReleaseScriptCaches (0ms)
			RebuildScriptCaches (31ms)
			SetupLoadedEditorAssemblies (181ms)
				LogAssemblyErrors (0ms)
				InitializePlatformSupportModulesInManaged (5ms)
				SetLoadedEditorAssemblies (0ms)
				RefreshPlugins (48ms)
				BeforeProcessingInitializeOnLoad (17ms)
				ProcessInitializeOnLoadAttributes (82ms)
				ProcessInitializeOnLoadMethodAttributes (29ms)
				AfterProcessingInitializeOnLoad (0ms)
				EditorAssembliesLoaded (0ms)
			ExecutionOrderSort2 (0ms)
			AwakeInstancesAfterBackupRestoration (0ms)
Platform modules already initialized, skipping
Registering precompiled user dll's ...
Registered in 0.004441 seconds.
Begin MonoManager ReloadAssembly
Native extension for WindowsStandalone target not found
Native extension for WebGL target not found
Refreshing native plugins compatible for Editor in 47.46 ms, found 3 plugins.
Preloading 0 native plugins for Editor in 0.00 ms.
Mono: successfully reloaded assembly
- Completed reload, in  1.197 seconds
Domain Reload Profiling:
	ReloadAssembly (1198ms)
		BeginReloadAssembly (165ms)
			ExecutionOrderSort (0ms)
			DisableScriptedObjects (6ms)
			BackupInstance (0ms)
			ReleaseScriptingObjects (0ms)
			CreateAndSetChildDomain (19ms)
		EndReloadAssembly (966ms)
			LoadAssemblies (106ms)
			RebuildTransferFunctionScriptingTraits (0ms)
			SetupTypeCache (327ms)
			ReleaseScriptCaches (0ms)
			RebuildScriptCaches (50ms)
			SetupLoadedEditorAssemblies (357ms)
				LogAssemblyErrors (0ms)
				InitializePlatformSupportModulesInManaged (5ms)
				SetLoadedEditorAssemblies (0ms)
				RefreshPlugins (48ms)
				BeforeProcessingInitializeOnLoad (84ms)
				ProcessInitializeOnLoadAttributes (197ms)
				ProcessInitializeOnLoadMethodAttributes (16ms)
				AfterProcessingInitializeOnLoad (8ms)
				EditorAssembliesLoaded (0ms)
			ExecutionOrderSort2 (0ms)
			AwakeInstancesAfterBackupRestoration (7ms)
Platform modules already initialized, skipping
========================================================================
Worker process is ready to serve import requests
Launched and connected shader compiler UnityShaderCompiler.exe after 0.08 seconds
Refreshing native plugins compatible for Editor in 0.62 ms, found 3 plugins.
Preloading 0 native plugins for Editor in 0.00 ms.
Unloading 2204 Unused Serialized files (Serialized files now loaded: 0)
System memory in use before: 98.9 MB.
System memory in use after: 98.9 MB.

Unloading 28 unused Assets to reduce memory usage. Loaded Objects now: 2642.
Total: 3.616000 ms (FindLiveObjects: 0.209300 ms CreateObjectMapping: 0.099700 ms MarkObjects: 3.208100 ms  DeleteObjects: 0.097300 ms)

AssetImportParameters requested are different than current active one (requested -> active):
  custom:framework-win-MediaFoundation: 216162199b28c13a410421893ffa2e32 -> 
  custom:video-decoder-ogg-theora: a1e56fd34408186e4bbccfd4996cb3dc -> 
  custom:container-muxer-webm: aa71ff27fc2769a1b78a27578f13a17b -> 
  custom:container-demuxer-webm: 4f35f7cbe854078d1ac9338744f61a02 -> 
  custom:container-demuxer-ogg: 62fdf1f143b41e24485cea50d1cbac27 -> 
  custom:video-encoder-webm-vp8: eb34c28f22e8b96e1ab97ce403110664 -> 
  custom:video-decoder-webm-vp8: 9c59270c3fd7afecdb556c50c9e8de78 -> 
  custom:audio-decoder-ogg-vorbis: bf7c407c2cedff20999df2af8eb42d56 -> 
  custom:audio-encoder-webm-vorbis: bf7c407c2cedff20999df2af8eb42d56 -> 
========================================================================
Received Import Request.
  path: Assets/04_Sprits/ground.png
  artifactKey: Guid(4d2863f923f8c4c41a94e09f8fac2c9c) Importer(815301076,1909f56bfc062723c751e8b465ee728b)
Start importing Assets/04_Sprits/ground.png using Guid(4d2863f923f8c4c41a94e09f8fac2c9c) Importer(815301076,1909f56bfc062723c751e8b465ee728b)  -> (artifact id: 'a26548666ab1dcd33e3e1dca58d4f562') in 0.213031 seconds 
  Import took 0.216640 seconds .

========================================================================
Received Import Request.
  Time since last request: 0.000188 seconds.
  path: Assets/04_Sprits/title.png
  artifactKey: Guid(c5173572abdb4cd48a743cd135494303) Importer(815301076,1909f56bfc062723c751e8b465ee728b)
Start importing Assets/04_Sprits/title.png using Guid(c5173572abdb4cd48a743cd135494303) Importer(815301076,1909f56bfc062723c751e8b465ee728b)  -> (artifact id: 'ef5e087be6d594c338e0db5a5aa5bed9') in 0.018291 seconds 
  Import took 0.023149 seconds .

========================================================================
Received Import Request.
  Time since last request: 0.000194 seconds.
  path: Assets/04_Sprits/sign2.png
  artifactKey: Guid(ef93008710ac98b4a8894f598fc520f9) Importer(815301076,1909f56bfc062723c751e8b465ee728b)
Start importing Assets/04_Sprits/sign2.png using Guid(ef93008710ac98b4a8894f598fc520f9) Importer(815301076,1909f56bfc062723c751e8b465ee728b)  -> (artifact id: '0df35bfba93e9c3dc901b280da09a5f3') in 0.015232 seconds 
  Import took 0.019537 seconds .

========================================================================
Received Import Request.
  Time since last request: 0.000206 seconds.
  path: Assets/04_Sprits/fishglitter.png
  artifactKey: Guid(d666e5667c051c346899cd6c503e91c1) Importer(815301076,1909f56bfc062723c751e8b465ee728b)
Start importing Assets/04_Sprits/fishglitter.png using Guid(d666e5667c051c346899cd6c503e91c1) Importer(815301076,1909f56bfc062723c751e8b465ee728b)  -> (artifact id: 'cf88e97a94e944fee26cdbbdc194280d') in 0.031243 seconds 
  Import took 0.035205 seconds .

========================================================================
Received Import Request.
  Time since last request: 0.000167 seconds.
  path: Assets/04_Sprits/goldfish.png
  artifactKey: Guid(f8ab316484276c0488217941a34a3f4f) Importer(815301076,1909f56bfc062723c751e8b465ee728b)
Start importing Assets/04_Sprits/goldfish.png using Guid(f8ab316484276c0488217941a34a3f4f) Importer(815301076,1909f56bfc062723c751e8b465ee728b)  -> (artifact id: 'c53fe8503a917ab7021ed5c6f549d838') in 0.014889 seconds 
  Import took 0.018482 seconds .

========================================================================
Received Import Request.
  Time since last request: 0.000192 seconds.
  path: Assets/04_Sprits/wall.png
  artifactKey: Guid(14d346a34aa8e2448b1e5b3ab3af5a8f) Importer(815301076,1909f56bfc062723c751e8b465ee728b)
Start importing Assets/04_Sprits/wall.png using Guid(14d346a34aa8e2448b1e5b3ab3af5a8f) Importer(815301076,1909f56bfc062723c751e8b465ee728b)  -> (artifact id: '94c82c8bea6b5fd7a1691636961de38c') in 0.069574 seconds 
  Import took 0.074708 seconds .

========================================================================
Received Import Request.
  Time since last request: 0.000191 seconds.
  path: Assets/04_Sprits/background.png
  artifactKey: Guid(bda257894618d4945aa647d750f87d02) Importer(815301076,1909f56bfc062723c751e8b465ee728b)
Start importing Assets/04_Sprits/background.png using Guid(bda257894618d4945aa647d750f87d02) Importer(815301076,1909f56bfc062723c751e8b465ee728b)  -> (artifact id: '0e7398d8f3a084253f80245025fa7965') in 0.017822 seconds 
  Import took 0.021706 seconds .

========================================================================
Received Import Request.
  Time since last request: 0.000304 seconds.
  path: Assets/04_Sprits/lamp.png
  artifactKey: Guid(6b78965e34a36c546ba8eb173d272d04) Importer(815301076,1909f56bfc062723c751e8b465ee728b)
Start importing Assets/04_Sprits/lamp.png using Guid(6b78965e34a36c546ba8eb173d272d04) Importer(815301076,1909f56bfc062723c751e8b465ee728b)  -> (artifact id: 'ea3fa17bca27a5c32964444b7aa6e1b3') in 0.045323 seconds 
  Import took 0.050346 seconds .

========================================================================
Received Import Request.
  Time since last request: 0.000176 seconds.
  path: Assets/04_Sprits/trash.png
  artifactKey: Guid(912d82f6e4f1843428162f0158b6b48e) Importer(815301076,1909f56bfc062723c751e8b465ee728b)
Start importing Assets/04_Sprits/trash.png using Guid(912d82f6e4f1843428162f0158b6b48e) Importer(815301076,1909f56bfc062723c751e8b465ee728b)  -> (artifact id: '2dd323dfae35e67c54cc1389a164b674') in 0.016075 seconds 
  Import took 0.020431 seconds .

========================================================================
Received Import Request.
  Time since last request: 0.000260 seconds.
  path: Assets/04_Sprits/character/Jump.png
  artifactKey: Guid(951f00587302b334aafe941e2cbf5a91) Importer(815301076,1909f56bfc062723c751e8b465ee728b)
Start importing Assets/04_Sprits/character/Jump.png using Guid(951f00587302b334aafe941e2cbf5a91) Importer(815301076,1909f56bfc062723c751e8b465ee728b)  -> (artifact id: 'ec457334b72e3a2a07ca4eef7e8f2f22') in 0.098357 seconds 
  Import took 0.101993 seconds .

========================================================================
Received Import Request.
  Time since last request: 0.000170 seconds.
  path: Assets/04_Sprits/sign1.png
  artifactKey: Guid(acbeb7653f9a8554bb8bf92c2140ed96) Importer(815301076,1909f56bfc062723c751e8b465ee728b)
Start importing Assets/04_Sprits/sign1.png using Guid(acbeb7653f9a8554bb8bf92c2140ed96) Importer(815301076,1909f56bfc062723c751e8b465ee728b)  -> (artifact id: 'f664ba9c14cacc29e59c4c45b203a88c') in 0.014009 seconds 
  Import took 0.017410 seconds .

========================================================================
Received Import Request.
  Time since last request: 0.000208 seconds.
  path: Assets/04_Sprits/gamestart.png
  artifactKey: Guid(f6a5b73866ed66f4d8dce72f7138ec3f) Importer(815301076,1909f56bfc062723c751e8b465ee728b)
Start importing Assets/04_Sprits/gamestart.png using Guid(f6a5b73866ed66f4d8dce72f7138ec3f) Importer(815301076,1909f56bfc062723c751e8b465ee728b)  -> (artifact id: 'ed45a2f3cf0ff9be7bbf7600448ad47a') in 0.014500 seconds 
  Import took 0.018412 seconds .

========================================================================
Received Import Request.
  Time since last request: 0.000189 seconds.
  path: Assets/04_Sprits/building.png
  artifactKey: Guid(f40925f9b64bcee4ea365a06e8c2e718) Importer(815301076,1909f56bfc062723c751e8b465ee728b)
Start importing Assets/04_Sprits/building.png using Guid(f40925f9b64bcee4ea365a06e8c2e718) Importer(815301076,1909f56bfc062723c751e8b465ee728b)  -> (artifact id: '801f79bda1b002388a141a166e22578c') in 0.017455 seconds 
  Import took 0.020984 seconds .

========================================================================
Received Import Request.
  Time since last request: 0.000170 seconds.
  path: Assets/04_Sprits/powerpole.png
  artifactKey: Guid(c7308c290f6ef9f4fae6ef822f773bcd) Importer(815301076,1909f56bfc062723c751e8b465ee728b)
Start importing Assets/04_Sprits/powerpole.png using Guid(c7308c290f6ef9f4fae6ef822f773bcd) Importer(815301076,1909f56bfc062723c751e8b465ee728b)  -> (artifact id: '6f9a5154d6d7b34a9af5ee7efb0f06c9') in 0.027312 seconds 
  Import took 0.032341 seconds .

========================================================================
Received Import Request.
  Time since last request: 0.000208 seconds.
  path: Assets/04_Sprits/character/Hit.png
  artifactKey: Guid(f85f475e9a76d104d919d5d73514e255) Importer(815301076,1909f56bfc062723c751e8b465ee728b)
Start importing Assets/04_Sprits/character/Hit.png using Guid(f85f475e9a76d104d919d5d73514e255) Importer(815301076,1909f56bfc062723c751e8b465ee728b)  -> (artifact id: '151915a8086fc2cd5acebc37ff0282cd') in 0.060318 seconds 
  Import took 0.063948 seconds .

========================================================================
Received Import Request.
  Time since last request: 0.000175 seconds.
  path: Assets/04_Sprits/light.png
  artifactKey: Guid(b25fb35226401a2448cb69da3b2cfe54) Importer(815301076,1909f56bfc062723c751e8b465ee728b)
Start importing Assets/04_Sprits/light.png using Guid(b25fb35226401a2448cb69da3b2cfe54) Importer(815301076,1909f56bfc062723c751e8b465ee728b)  -> (artifact id: 'f1c0f5184741f28df82d0b34b2a373a7') in 0.015753 seconds 
  Import took 0.020564 seconds .

========================================================================
Received Import Request.
  Time since last request: 0.000202 seconds.
  path: Assets/04_Sprits/glitter.png
  artifactKey: Guid(2658045da8318b0419448cb79d90bcf5) Importer(815301076,1909f56bfc062723c751e8b465ee728b)
Start importing Assets/04_Sprits/glitter.png using Guid(2658045da8318b0419448cb79d90bcf5) Importer(815301076,1909f56bfc062723c751e8b465ee728b)  -> (artifact id: '6975d87c466cd1ba0c73a7b9e6af7fd4') in 0.013127 seconds 
  Import took 0.016627 seconds .

========================================================================
Received Import Request.
  Time since last request: 0.000181 seconds.
  path: Assets/04_Sprits/star.png
  artifactKey: Guid(07625d27b64b35544a59dcbb2e8adf0b) Importer(815301076,1909f56bfc062723c751e8b465ee728b)
Start importing Assets/04_Sprits/star.png using Guid(07625d27b64b35544a59dcbb2e8adf0b) Importer(815301076,1909f56bfc062723c751e8b465ee728b)  -> (artifact id: 'b8a7247bad1f0ce0c7439fee6d70b1b3') in 0.029106 seconds 
  Import took 0.033327 seconds .

========================================================================
Received Import Request.
  Time since last request: 0.000220 seconds.
  path: Assets/04_Sprits/bike.png
  artifactKey: Guid(b1e0206aca7d6db4185fe6ba419fd1e8) Importer(815301076,1909f56bfc062723c751e8b465ee728b)
Start importing Assets/04_Sprits/bike.png using Guid(b1e0206aca7d6db4185fe6ba419fd1e8) Importer(815301076,1909f56bfc062723c751e8b465ee728b)  -> (artifact id: 'fc609760d19b7863630be0c218f4c6a0') in 0.036352 seconds 
  Import took 0.042111 seconds .

========================================================================
Received Import Request.
  Time since last request: 0.000269 seconds.
  path: Assets/04_Sprits/character/Run.png
  artifactKey: Guid(66e7b4b65f1188d4f97c30c59968a86a) Importer(815301076,1909f56bfc062723c751e8b465ee728b)
Start importing Assets/04_Sprits/character/Run.png using Guid(66e7b4b65f1188d4f97c30c59968a86a) Importer(815301076,1909f56bfc062723c751e8b465ee728b)  -> (artifact id: '6b02a2472533c71419208f110b22c2c1') in 0.128192 seconds 
  Import took 0.131967 seconds .

========================================================================
Received Import Request.
  Time since last request: 0.000175 seconds.
  path: Assets/04_Sprits/heart.png
  artifactKey: Guid(c13b9f0b0e8fa1443b52f3fde113b186) Importer(815301076,1909f56bfc062723c751e8b465ee728b)
Start importing Assets/04_Sprits/heart.png using Guid(c13b9f0b0e8fa1443b52f3fde113b186) Importer(815301076,1909f56bfc062723c751e8b465ee728b)  -> (artifact id: '71d188583f3c1682e1fdfe9bdc5766f3') in 0.014196 seconds 
  Import took 0.017553 seconds .

========================================================================
Received Import Request.
  Time since last request: 0.000174 seconds.
  path: Assets/04_Sprits/option.png
  artifactKey: Guid(1d77dc5144fddc643b4fd5e6f0e35d8b) Importer(815301076,1909f56bfc062723c751e8b465ee728b)
Start importing Assets/04_Sprits/option.png using Guid(1d77dc5144fddc643b4fd5e6f0e35d8b) Importer(815301076,1909f56bfc062723c751e8b465ee728b)  -> (artifact id: '6fb9f4e55c4761b6a31be0a6baa00139') in 0.013502 seconds 
  Import took 0.016915 seconds .

========================================================================
Received Import Request.
  Time since last request: 0.000203 seconds.
  path: Assets/04_Sprits/moon.png
  artifactKey: Guid(bf66c50921315f644bcd9e0974d7c5f0) Importer(815301076,1909f56bfc062723c751e8b465ee728b)
Start importing Assets/04_Sprits/moon.png using Guid(bf66c50921315f644bcd9e0974d7c5f0) Importer(815301076,1909f56bfc062723c751e8b465ee728b)  -> (artifact id: '1007c0ab15cb431cfd9c059e469a488b') in 0.016792 seconds 
  Import took 0.020396 seconds .

========================================================================
Received Import Request.
  Time since last request: 0.000208 seconds.
  path: Assets/04_Sprits/exit.png
  artifactKey: Guid(5a8b0d53e50ad75479ced2ef3cce1db4) Importer(815301076,1909f56bfc062723c751e8b465ee728b)
Start importing Assets/04_Sprits/exit.png using Guid(5a8b0d53e50ad75479ced2ef3cce1db4) Importer(815301076,1909f56bfc062723c751e8b465ee728b)  -> (artifact id: 'c0cfb9524e88ced007e32dc80c1cb86c') in 0.013976 seconds 
  Import took 0.017490 seconds .

========================================================================
Received Prepare
Registering precompiled user dll's ...
Registered in 0.004582 seconds.
Begin MonoManager ReloadAssembly
Native extension for WindowsStandalone target not found
Native extension for WebGL target not found
Refreshing native plugins compatible for Editor in 0.49 ms, found 3 plugins.
Preloading 0 native plugins for Editor in 0.00 ms.
Mono: successfully reloaded assembly
- Completed reload, in  1.099 seconds
Domain Reload Profiling:
	ReloadAssembly (1099ms)
		BeginReloadAssembly (136ms)
			ExecutionOrderSort (0ms)
			DisableScriptedObjects (6ms)
			BackupInstance (0ms)
			ReleaseScriptingObjects (0ms)
			CreateAndSetChildDomain (36ms)
		EndReloadAssembly (899ms)
			LoadAssemblies (103ms)
			RebuildTransferFunctionScriptingTraits (0ms)
			SetupTypeCache (323ms)
			ReleaseScriptCaches (1ms)
			RebuildScriptCaches (44ms)
			SetupLoadedEditorAssemblies (321ms)
				LogAssemblyErrors (0ms)
				InitializePlatformSupportModulesInManaged (5ms)
				SetLoadedEditorAssemblies (1ms)
				RefreshPlugins (1ms)
				BeforeProcessingInitializeOnLoad (85ms)
				ProcessInitializeOnLoadAttributes (211ms)
				ProcessInitializeOnLoadMethodAttributes (11ms)
				AfterProcessingInitializeOnLoad (7ms)
				EditorAssembliesLoaded (0ms)
			ExecutionOrderSort2 (0ms)
			AwakeInstancesAfterBackupRestoration (9ms)
Platform modules already initialized, skipping
Switching build target platform(19) subTarget(0) extendedPlatform(0) -> platform(13) subTarget(537395200) extendedPlatform(0)
Refreshing native plugins compatible for Editor in 0.48 ms, found 3 plugins.
Preloading 0 native plugins for Editor in 0.00 ms.
Unloading 2196 Unused Serialized files (Serialized files now loaded: 0)
System memory in use before: 101.2 MB.
System memory in use after: 101.4 MB.

Unloading 17 unused Assets to reduce memory usage. Loaded Objects now: 2689.
Total: 2.944700 ms (FindLiveObjects: 0.200200 ms CreateObjectMapping: 0.092700 ms MarkObjects: 2.631300 ms  DeleteObjects: 0.019100 ms)

AssetImportParameters requested are different than current active one (requested -> active):
  custom:framework-win-MediaFoundation: 216162199b28c13a410421893ffa2e32 -> 
  custom:video-decoder-ogg-theora: a1e56fd34408186e4bbccfd4996cb3dc -> 
  custom:container-muxer-webm: aa71ff27fc2769a1b78a27578f13a17b -> 
  custom:container-demuxer-webm: 4f35f7cbe854078d1ac9338744f61a02 -> 
  custom:container-demuxer-ogg: 62fdf1f143b41e24485cea50d1cbac27 -> 
  custom:video-encoder-webm-vp8: eb34c28f22e8b96e1ab97ce403110664 -> 
  custom:video-decoder-webm-vp8: 9c59270c3fd7afecdb556c50c9e8de78 -> 
  custom:graphics/normal-map-encoding: 01000000000000000000000000000000 -> 02000000000000000000000000000000
  custom:audio-decoder-ogg-vorbis: bf7c407c2cedff20999df2af8eb42d56 -> 
  custom:audio-encoder-webm-vorbis: bf7c407c2cedff20999df2af8eb42d56 -> 
========================================================================
Received Import Request.
  Time since last request: 2131.122821 seconds.
  path: Assets/07_Font/Thaleah_PixelFont/Materials/ThaleahFat_TTF.ttf
  artifactKey: Guid(585188cdc4600544eb408bee749e4b3a) Importer(815301076,1909f56bfc062723c751e8b465ee728b)
Start importing Assets/07_Font/Thaleah_PixelFont/Materials/ThaleahFat_TTF.ttf using Guid(585188cdc4600544eb408bee749e4b3a) Importer(815301076,1909f56bfc062723c751e8b465ee728b)  -> (artifact id: '250a7695c1a53354cfb8d5dde2ffbc04') in 0.135502 seconds 
  Import took 0.140921 seconds .

========================================================================
Received Import Request.
  Time since last request: 0.000213 seconds.
  path: Assets/07_Font/Thaleah_PixelFont/Materials/ThaleahFat.png
  artifactKey: Guid(0ac691dd25a276d468ee89cf1948229d) Importer(815301076,1909f56bfc062723c751e8b465ee728b)
Start importing Assets/07_Font/Thaleah_PixelFont/Materials/ThaleahFat.png using Guid(0ac691dd25a276d468ee89cf1948229d) Importer(815301076,1909f56bfc062723c751e8b465ee728b)  -> (artifact id: '0f0dba38835e440058cdb00cd22e13d1') in 0.010125 seconds 
  Import took 0.015472 seconds .

========================================================================
Received Import Request.
  Time since last request: 0.000206 seconds.
  path: Assets/07_Font/Thaleah_PixelFont/Materials/Thaleah_DemoBackground.png
  artifactKey: Guid(b324a4685d480b346b084e8a5dbacbde) Importer(815301076,1909f56bfc062723c751e8b465ee728b)
Start importing Assets/07_Font/Thaleah_PixelFont/Materials/Thaleah_DemoBackground.png using Guid(b324a4685d480b346b084e8a5dbacbde) Importer(815301076,1909f56bfc062723c751e8b465ee728b)  -> (artifact id: '528a860f5921edd7107c51b59b0bbed1') in 0.047926 seconds 
  Import took 0.051926 seconds .

========================================================================
Received Import Request.
  Time since last request: 41.718100 seconds.
  path: Assets/04_Sprits/2.png
  artifactKey: Guid(10484338f7d49f846ab3da6694f175a9) Importer(815301076,1909f56bfc062723c751e8b465ee728b)
Start importing Assets/04_Sprits/2.png using Guid(10484338f7d49f846ab3da6694f175a9) Importer(815301076,1909f56bfc062723c751e8b465ee728b)  -> (artifact id: 'a7e0175ec754c2093ed6d8fabf22a8e4') in 0.017225 seconds 
  Import took 0.021302 seconds .

========================================================================
Received Import Request.
  Time since last request: 754.268254 seconds.
  path: Assets/04_Sprits/3.jpg
  artifactKey: Guid(6c53e0f8c1bd3b94980dd2733b8f7dad) Importer(815301076,1909f56bfc062723c751e8b465ee728b)
Start importing Assets/04_Sprits/3.jpg using Guid(6c53e0f8c1bd3b94980dd2733b8f7dad) Importer(815301076,1909f56bfc062723c751e8b465ee728b)  -> (artifact id: '2797e965aca74a72154d934b751bc22d') in 0.030738 seconds 
  Import took 0.035401 seconds .

========================================================================
Received Import Request.
  Time since last request: 346.184909 seconds.
  path: Assets/04_Sprits/3.jpg
  artifactKey: Guid(6c53e0f8c1bd3b94980dd2733b8f7dad) Importer(815301076,1909f56bfc062723c751e8b465ee728b)
Start importing Assets/04_Sprits/3.jpg using Guid(6c53e0f8c1bd3b94980dd2733b8f7dad) Importer(815301076,1909f56bfc062723c751e8b465ee728b)  -> (artifact id: '9a02632231c8fd1285418db842de4858') in 0.017581 seconds 
  Import took 0.021978 seconds .

========================================================================
Received Import Request.
  Time since last request: 3185.611099 seconds.
  path: Assets/Plugins/Android
  artifactKey: Guid(7bca0c04df4ba584885da53e63b29684) Importer(815301076,1909f56bfc062723c751e8b465ee728b)
Start importing Assets/Plugins/Android using Guid(7bca0c04df4ba584885da53e63b29684) Importer(815301076,1909f56bfc062723c751e8b465ee728b)  -> (artifact id: '929224a4df8044d5a62baf7d165d58c0') in 0.007273 seconds 
  Import took 0.013284 seconds .

========================================================================
Received Import Request.
  Time since last request: 18.971270 seconds.
  path: Assets/Plugins/Android/AndroidManifest.xml
  artifactKey: Guid(d23b69e6ae31f3d44ae388e3a80b74ee) Importer(815301076,1909f56bfc062723c751e8b465ee728b)
Start importing Assets/Plugins/Android/AndroidManifest.xml using Guid(d23b69e6ae31f3d44ae388e3a80b74ee) Importer(815301076,1909f56bfc062723c751e8b465ee728b)  -> (artifact id: '8c128769271d564c7ea155a4503c3d46') in 0.030790 seconds 
  Import took 0.034624 seconds .

========================================================================
Received Import Request.
  Time since last request: 522.906117 seconds.
  path: Assets/Plugins/Android/AndroidManifest.xml
  artifactKey: Guid(d23b69e6ae31f3d44ae388e3a80b74ee) Importer(815301076,1909f56bfc062723c751e8b465ee728b)
Start importing Assets/Plugins/Android/AndroidManifest.xml using Guid(d23b69e6ae31f3d44ae388e3a80b74ee) Importer(815301076,1909f56bfc062723c751e8b465ee728b)  -> (artifact id: 'ee3c96c3fb2e8be90b93403e2d772ba2') in 0.010828 seconds 
  Import took 0.020586 seconds .

AssetImportWorkerClient::OnTransportError - code=2 error=End of file
