Using pre-set license
Built from '2020.3/staging' branch; Version is '2020.3.24f1 (79c78de19888) revision 7980941'; Using compiler version '192528614'; Build Type 'Release'
OS: 'Windows 10  (10.0.19041) 64bit Professional' Language: 'ko' Physical Memory: 16266 MB
BatchMode: 1, IsHumanControllingUs: 0, StartBugReporterOnCrash: 0, Is64bit: 1, IsPro: 0

COMMAND LINE ARGUMENTS:
C:\Users\User\Unity\2020.3.24f1\Editor\Unity.exe
-adb2
-batchMode
-noUpm
-name
AssetImportWorker0
-projectPath
D:/Unity/Github/MyStudy/StudyUniRun/HomeWorkUniRun
-logFile
Logs/AssetImportWorker0.log
-srvPort
64251
Successfully changed project path to: D:/Unity/Github/MyStudy/StudyUniRun/HomeWorkUniRun
D:/Unity/Github/MyStudy/StudyUniRun/HomeWorkUniRun
Using Asset Import Pipeline V2.
Refreshing native plugins compatible for Editor in 49.16 ms, found 3 plugins.
Preloading 0 native plugins for Editor in 0.00 ms.
Initialize engine version: 2020.3.24f1 (79c78de19888)
[Subsystems] Discovering subsystems at path C:/Users/User/Unity/2020.3.24f1/Editor/Data/Resources/UnitySubsystems
[Subsystems] Discovering subsystems at path D:/Unity/Github/MyStudy/StudyUniRun/HomeWorkUniRun/Assets
GfxDevice: creating device client; threaded=0
Direct3D:
    Version:  Direct3D 11.0 [level 11.1]
    Renderer: NVIDIA GeForce GTX 1060 3GB (ID=0x1b84)
    Vendor:   
    VRAM:     2988 MB
    Driver:   27.21.14.5671
Initialize mono
Mono path[0] = 'C:/Users/User/Unity/2020.3.24f1/Editor/Data/Managed'
Mono path[1] = 'C:/Users/User/Unity/2020.3.24f1/Editor/Data/MonoBleedingEdge/lib/mono/unityjit'
Mono config path = 'C:/Users/User/Unity/2020.3.24f1/Editor/Data/MonoBleedingEdge/etc'
Using monoOptions --debugger-agent=transport=dt_socket,embedding=1,server=y,suspend=n,address=127.0.0.1:56724
Begin MonoManager ReloadAssembly
Registering precompiled unity dll's ...
Register platform support module: C:/Users/User/Unity/2020.3.24f1/Editor/Data/PlaybackEngines/WebGLSupport/UnityEditor.WebGL.Extensions.dll
Register platform support module: C:/Users/User/Unity/2020.3.24f1/Editor/Data/PlaybackEngines/WindowsStandaloneSupport/UnityEditor.WindowsStandalone.Extensions.dll
Registered in 0.003193 seconds.
Native extension for WindowsStandalone target not found
Native extension for WebGL target not found
Refreshing native plugins compatible for Editor in 46.81 ms, found 3 plugins.
Preloading 0 native plugins for Editor in 0.00 ms.
Mono: successfully reloaded assembly
- Completed reload, in  0.646 seconds
Domain Reload Profiling:
	ReloadAssembly (646ms)
		BeginReloadAssembly (68ms)
			ExecutionOrderSort (0ms)
			DisableScriptedObjects (0ms)
			BackupInstance (0ms)
			ReleaseScriptingObjects (0ms)
			CreateAndSetChildDomain (1ms)
		EndReloadAssembly (497ms)
			LoadAssemblies (66ms)
			RebuildTransferFunctionScriptingTraits (0ms)
			SetupTypeCache (166ms)
			ReleaseScriptCaches (0ms)
			RebuildScriptCaches (32ms)
			SetupLoadedEditorAssemblies (180ms)
				LogAssemblyErrors (0ms)
				InitializePlatformSupportModulesInManaged (5ms)
				SetLoadedEditorAssemblies (0ms)
				RefreshPlugins (47ms)
				BeforeProcessingInitializeOnLoad (17ms)
				ProcessInitializeOnLoadAttributes (82ms)
				ProcessInitializeOnLoadMethodAttributes (28ms)
				AfterProcessingInitializeOnLoad (0ms)
				EditorAssembliesLoaded (0ms)
			ExecutionOrderSort2 (0ms)
			AwakeInstancesAfterBackupRestoration (0ms)
Platform modules already initialized, skipping
Registering precompiled user dll's ...
Registered in 0.004273 seconds.
Begin MonoManager ReloadAssembly
Native extension for WindowsStandalone target not found
Native extension for WebGL target not found
Refreshing native plugins compatible for Editor in 48.08 ms, found 3 plugins.
Preloading 0 native plugins for Editor in 0.00 ms.
Mono: successfully reloaded assembly
- Completed reload, in  1.205 seconds
Domain Reload Profiling:
	ReloadAssembly (1206ms)
		BeginReloadAssembly (163ms)
			ExecutionOrderSort (0ms)
			DisableScriptedObjects (5ms)
			BackupInstance (0ms)
			ReleaseScriptingObjects (0ms)
			CreateAndSetChildDomain (18ms)
		EndReloadAssembly (976ms)
			LoadAssemblies (105ms)
			RebuildTransferFunctionScriptingTraits (0ms)
			SetupTypeCache (326ms)
			ReleaseScriptCaches (0ms)
			RebuildScriptCaches (50ms)
			SetupLoadedEditorAssemblies (366ms)
				LogAssemblyErrors (0ms)
				InitializePlatformSupportModulesInManaged (5ms)
				SetLoadedEditorAssemblies (0ms)
				RefreshPlugins (48ms)
				BeforeProcessingInitializeOnLoad (86ms)
				ProcessInitializeOnLoadAttributes (202ms)
				ProcessInitializeOnLoadMethodAttributes (17ms)
				AfterProcessingInitializeOnLoad (8ms)
				EditorAssembliesLoaded (0ms)
			ExecutionOrderSort2 (0ms)
			AwakeInstancesAfterBackupRestoration (7ms)
Platform modules already initialized, skipping
========================================================================
Worker process is ready to serve import requests
Launched and connected shader compiler UnityShaderCompiler.exe after 0.08 seconds
Refreshing native plugins compatible for Editor in 0.46 ms, found 3 plugins.
Preloading 0 native plugins for Editor in 0.00 ms.
Unloading 2194 Unused Serialized files (Serialized files now loaded: 0)
System memory in use before: 98.4 MB.
System memory in use after: 98.5 MB.

Unloading 28 unused Assets to reduce memory usage. Loaded Objects now: 2627.
Total: 3.048400 ms (FindLiveObjects: 0.198200 ms CreateObjectMapping: 0.085800 ms MarkObjects: 2.692300 ms  DeleteObjects: 0.071100 ms)

AssetImportParameters requested are different than current active one (requested -> active):
  custom:framework-win-MediaFoundation: 216162199b28c13a410421893ffa2e32 -> 
  custom:video-decoder-ogg-theora: a1e56fd34408186e4bbccfd4996cb3dc -> 
  custom:container-muxer-webm: aa71ff27fc2769a1b78a27578f13a17b -> 
  custom:container-demuxer-webm: 4f35f7cbe854078d1ac9338744f61a02 -> 
  custom:container-demuxer-ogg: 62fdf1f143b41e24485cea50d1cbac27 -> 
  custom:video-encoder-webm-vp8: eb34c28f22e8b96e1ab97ce403110664 -> 
  custom:video-decoder-webm-vp8: 9c59270c3fd7afecdb556c50c9e8de78 -> 
  custom:audio-decoder-ogg-vorbis: bf7c407c2cedff20999df2af8eb42d56 -> 
  custom:audio-encoder-webm-vorbis: bf7c407c2cedff20999df2af8eb42d56 -> 
========================================================================
Received Import Request.
  path: ProjectSettings/TagManager.asset
  artifactKey: Guid(00000000000000003000000000000000) Importer(815301076,1909f56bfc062723c751e8b465ee728b)
Start importing ProjectSettings/TagManager.asset using Guid(00000000000000003000000000000000) Importer(815301076,1909f56bfc062723c751e8b465ee728b)  -> (artifact id: '95df672b4aaba54310d34c83eef51bb8') in 0.071407 seconds 
  Import took 0.074782 seconds .

========================================================================
Received Import Request.
  Time since last request: 267.910455 seconds.
  path: Assets/Pixel Adventure 1
  artifactKey: Guid(1a529fb4b24787a4d81ed3a32773094d) Importer(815301076,1909f56bfc062723c751e8b465ee728b)
Start importing Assets/Pixel Adventure 1 using Guid(1a529fb4b24787a4d81ed3a32773094d) Importer(815301076,1909f56bfc062723c751e8b465ee728b)  -> (artifact id: 'cc412f0c5a049af4234badd86a4f7e2e') in 0.007954 seconds 
  Import took 0.012109 seconds .

========================================================================
Received Import Request.
  Time since last request: 6.026280 seconds.
  path: Assets
  artifactKey: Guid(00000000000000001000000000000000) Importer(815301076,1909f56bfc062723c751e8b465ee728b)
Start importing Assets using Guid(00000000000000001000000000000000) Importer(815301076,1909f56bfc062723c751e8b465ee728b)  -> (artifact id: '42d402b061de3733987d63b9cc3b64de') in 0.007075 seconds 
  Import took 0.010464 seconds .

========================================================================
Received Import Request.
  Time since last request: 64.350352 seconds.
  path: Assets/Scenes
  artifactKey: Guid(42aa5bef0f60f274abfb7003b14f1e68) Importer(815301076,1909f56bfc062723c751e8b465ee728b)
Start importing Assets/Scenes using Guid(42aa5bef0f60f274abfb7003b14f1e68) Importer(815301076,1909f56bfc062723c751e8b465ee728b)  -> (artifact id: '77d97beb45cc405ed749dac554391c3b') in 0.007221 seconds 
  Import took 0.010625 seconds .

========================================================================
Received Import Request.
  Time since last request: 4.258643 seconds.
  path: Assets/01.Scenes
  artifactKey: Guid(42aa5bef0f60f274abfb7003b14f1e68) Importer(815301076,1909f56bfc062723c751e8b465ee728b)
Start importing Assets/01.Scenes using Guid(42aa5bef0f60f274abfb7003b14f1e68) Importer(815301076,1909f56bfc062723c751e8b465ee728b)  -> (artifact id: '16729fb995aab243a735e1bbf38ab70c') in 0.007140 seconds 
  Import took 0.011177 seconds .

========================================================================
Received Import Request.
  Time since last request: 16.463454 seconds.
  path: Assets/02.Scripts
  artifactKey: Guid(26617ed65175cb840bc6b8e73b16949a) Importer(815301076,1909f56bfc062723c751e8b465ee728b)
Start importing Assets/02.Scripts using Guid(26617ed65175cb840bc6b8e73b16949a) Importer(815301076,1909f56bfc062723c751e8b465ee728b)  -> (artifact id: 'ad4751261588823e08ee162e45b15f89') in 0.007650 seconds 
  Import took 0.011323 seconds .

========================================================================
Received Import Request.
  Time since last request: 11.896395 seconds.
  path: Assets/03.Prefabs
  artifactKey: Guid(086a2266fdeaaf445a15c6c597394785) Importer(815301076,1909f56bfc062723c751e8b465ee728b)
Start importing Assets/03.Prefabs using Guid(086a2266fdeaaf445a15c6c597394785) Importer(815301076,1909f56bfc062723c751e8b465ee728b)  -> (artifact id: 'f9e285212bb39430f332f229848e89f9') in 0.006924 seconds 
  Import took 0.011295 seconds .

========================================================================
Received Import Request.
  Time since last request: 18.076398 seconds.
  path: Assets/04.Sprits
  artifactKey: Guid(83bf51ab6e0f71645b9beebf2d598416) Importer(815301076,1909f56bfc062723c751e8b465ee728b)
Start importing Assets/04.Sprits using Guid(83bf51ab6e0f71645b9beebf2d598416) Importer(815301076,1909f56bfc062723c751e8b465ee728b)  -> (artifact id: '199f40b4093685542d07eb4d21aadc95') in 0.006843 seconds 
  Import took 0.010796 seconds .

========================================================================
Received Import Request.
  Time since last request: 10.441070 seconds.
  path: Assets/04.Sprit3s
  artifactKey: Guid(83bf51ab6e0f71645b9beebf2d598416) Importer(815301076,1909f56bfc062723c751e8b465ee728b)
Start importing Assets/04.Sprit3s using Guid(83bf51ab6e0f71645b9beebf2d598416) Importer(815301076,1909f56bfc062723c751e8b465ee728b)  -> (artifact id: 'dea0f9ae6115a40f7dd10de8e2294f26') in 0.006396 seconds 
  Import took 0.010746 seconds .

========================================================================
Received Import Request.
  Time since last request: 2.974340 seconds.
  path: Assets/04.Sprites
  artifactKey: Guid(83bf51ab6e0f71645b9beebf2d598416) Importer(815301076,1909f56bfc062723c751e8b465ee728b)
Start importing Assets/04.Sprites using Guid(83bf51ab6e0f71645b9beebf2d598416) Importer(815301076,1909f56bfc062723c751e8b465ee728b)  -> (artifact id: '2361ca9f324b79aefbdfbbb8dce4101e') in 0.007693 seconds 
  Import took 0.011324 seconds .

========================================================================
Received Import Request.
  Time since last request: 15.912088 seconds.
  path: Assets/05.Animation
  artifactKey: Guid(bbba226417ef1b244a767196506802b6) Importer(815301076,1909f56bfc062723c751e8b465ee728b)
Start importing Assets/05.Animation using Guid(bbba226417ef1b244a767196506802b6) Importer(815301076,1909f56bfc062723c751e8b465ee728b)  -> (artifact id: 'a4a7fa2b80b443f20103860f39752ac3') in 0.007564 seconds 
  Import took 0.012022 seconds .

========================================================================
Received Import Request.
  Time since last request: 11.026719 seconds.
  path: Assets/06.Audio
  artifactKey: Guid(e2e41e0b649f4ab47a0730840e834d3f) Importer(815301076,1909f56bfc062723c751e8b465ee728b)
Start importing Assets/06.Audio using Guid(e2e41e0b649f4ab47a0730840e834d3f) Importer(815301076,1909f56bfc062723c751e8b465ee728b)  -> (artifact id: '170efcff1208025494fe77ea51c3db51') in 0.007437 seconds 
  Import took 0.011520 seconds .

========================================================================
Received Import Request.
  Time since last request: 10.944643 seconds.
  path: Assets/05.Animations
  artifactKey: Guid(bbba226417ef1b244a767196506802b6) Importer(815301076,1909f56bfc062723c751e8b465ee728b)
Start importing Assets/05.Animations using Guid(bbba226417ef1b244a767196506802b6) Importer(815301076,1909f56bfc062723c751e8b465ee728b)  -> (artifact id: 'd3c0d27f95fb75de5012417767a266a9') in 0.006980 seconds 
  Import took 0.011499 seconds .

========================================================================
Received Import Request.
  Time since last request: 13.023977 seconds.
  path: Assets/07.Font
  artifactKey: Guid(bd8c10c93fdf2fa4e8c82ff32eb5a4a7) Importer(815301076,1909f56bfc062723c751e8b465ee728b)
Start importing Assets/07.Font using Guid(bd8c10c93fdf2fa4e8c82ff32eb5a4a7) Importer(815301076,1909f56bfc062723c751e8b465ee728b)  -> (artifact id: '87728c0bb9f9b00278eb43980e14286c') in 0.005255 seconds 
  Import took 0.008728 seconds .

========================================================================
Received Import Request.
  Time since last request: 13.907479 seconds.
  path: Assets/04.Sprites/Pixel Adventure 1/Assets
  artifactKey: Guid(e7fabf8f9d1b6f6499883b9c8ad15b65) Importer(815301076,1909f56bfc062723c751e8b465ee728b)
Start importing Assets/04.Sprites/Pixel Adventure 1/Assets using Guid(e7fabf8f9d1b6f6499883b9c8ad15b65) Importer(815301076,1909f56bfc062723c751e8b465ee728b)  -> (artifact id: '1e7538a39be8e0bfd3108565dfc139fc') in 0.007435 seconds 
  Import took 0.012460 seconds .

========================================================================
Received Import Request.
  Time since last request: 4.754382 seconds.
  path: Assets/04.Sprites/Pixel Adventure 1/Assets/Main Characters
  artifactKey: Guid(c674b6697fb2a834d9379dc2411ddde1) Importer(815301076,1909f56bfc062723c751e8b465ee728b)
Start importing Assets/04.Sprites/Pixel Adventure 1/Assets/Main Characters using Guid(c674b6697fb2a834d9379dc2411ddde1) Importer(815301076,1909f56bfc062723c751e8b465ee728b)  -> (artifact id: '39cd5f1943d1399b359470b1d0eb9e2c') in 0.006550 seconds 
  Import took 0.010484 seconds .

========================================================================
Received Import Request.
  Time since last request: 0.661947 seconds.
  path: Assets/04.Sprites/Pixel Adventure 1/Assets/Main Characters/Mask Dude
  artifactKey: Guid(40248927e767fcc40acdf26796daffc0) Importer(815301076,1909f56bfc062723c751e8b465ee728b)
Start importing Assets/04.Sprites/Pixel Adventure 1/Assets/Main Characters/Mask Dude using Guid(40248927e767fcc40acdf26796daffc0) Importer(815301076,1909f56bfc062723c751e8b465ee728b)  -> (artifact id: 'd4e7eb1d2e7486e96099af8d9ee2758c') in 0.006591 seconds 
  Import took 0.010078 seconds .

========================================================================
Received Import Request.
  Time since last request: 1.427549 seconds.
  path: Assets/04.Sprites/Pixel Adventure 1/Assets/Main Characters/Mask Dude/Fall (32x32).png
  artifactKey: Guid(88794fc5febd16e40a94cacbf542b65b) Importer(815301076,1909f56bfc062723c751e8b465ee728b)
Start importing Assets/04.Sprites/Pixel Adventure 1/Assets/Main Characters/Mask Dude/Fall (32x32).png using Guid(88794fc5febd16e40a94cacbf542b65b) Importer(815301076,1909f56bfc062723c751e8b465ee728b)  -> (artifact id: '9b224ef9fa63979a3ff75226c3808427') in 0.155292 seconds 
  Import took 0.159027 seconds .

========================================================================
Received Import Request.
  Time since last request: 0.271723 seconds.
  path: Assets/04.Sprites/Pixel Adventure 1/Assets/Main Characters/Mask Dude/Idle (32x32).png
  artifactKey: Guid(3750f45c844123341b9a777a96cb1eca) Importer(815301076,1909f56bfc062723c751e8b465ee728b)
Start importing Assets/04.Sprites/Pixel Adventure 1/Assets/Main Characters/Mask Dude/Idle (32x32).png using Guid(3750f45c844123341b9a777a96cb1eca) Importer(815301076,1909f56bfc062723c751e8b465ee728b)  -> (artifact id: 'cf6c631f0a04df73749fb315fc987f82') in 0.033778 seconds 
  Import took 0.037421 seconds .

========================================================================
Received Import Request.
  Time since last request: 10.704047 seconds.
  path: Assets/04.Sprites/Pixel Adventure 1/Assets/Main Characters/Ninja Frog/Fall (32x32).png
  artifactKey: Guid(b6d14bcb8d9dbb349beb9d3619096732) Importer(815301076,1909f56bfc062723c751e8b465ee728b)
Start importing Assets/04.Sprites/Pixel Adventure 1/Assets/Main Characters/Ninja Frog/Fall (32x32).png using Guid(b6d14bcb8d9dbb349beb9d3619096732) Importer(815301076,1909f56bfc062723c751e8b465ee728b)  -> (artifact id: 'c44b1ea3b6cfe23c81ae30ad25e9a7f4') in 0.012038 seconds 
  Import took 0.015786 seconds .

========================================================================
Received Import Request.
  Time since last request: 2.111938 seconds.
  path: Assets/04.Sprites/Pixel Adventure 1/Assets/Main Characters/Ninja Frog/Run (32x32).png
  artifactKey: Guid(e362bc6a7c79fce4db16d145d43a5550) Importer(815301076,1909f56bfc062723c751e8b465ee728b)
Start importing Assets/04.Sprites/Pixel Adventure 1/Assets/Main Characters/Ninja Frog/Run (32x32).png using Guid(e362bc6a7c79fce4db16d145d43a5550) Importer(815301076,1909f56bfc062723c751e8b465ee728b)  -> (artifact id: 'f473ac57d8437a59ddcfba7abbd48ecf') in 0.041233 seconds 
  Import took 0.045106 seconds .

========================================================================
Received Import Request.
  Time since last request: 512.600456 seconds.
  path: Assets/04.Sprites/Pixel Adventure 1/Assets/Main Characters/Ninja Frog/Jump (32x32).png
  artifactKey: Guid(4872bd1108769a946a6acb68dc156fcf) Importer(815301076,1909f56bfc062723c751e8b465ee728b)
Start importing Assets/04.Sprites/Pixel Adventure 1/Assets/Main Characters/Ninja Frog/Jump (32x32).png using Guid(4872bd1108769a946a6acb68dc156fcf) Importer(815301076,1909f56bfc062723c751e8b465ee728b)  -> (artifact id: '0a39d397abab4221338bb487b679c9a3') in 0.012139 seconds 
  Import took 0.016361 seconds .

========================================================================
Received Import Request.
  Time since last request: 12.127804 seconds.
  path: Assets/04.Sprites/Pixel Adventure 1/Assets/Main Characters/Ninja Frog/Jump (32x32).png
  artifactKey: Guid(4872bd1108769a946a6acb68dc156fcf) Importer(815301076,1909f56bfc062723c751e8b465ee728b)
Start importing Assets/04.Sprites/Pixel Adventure 1/Assets/Main Characters/Ninja Frog/Jump (32x32).png using Guid(4872bd1108769a946a6acb68dc156fcf) Importer(815301076,1909f56bfc062723c751e8b465ee728b)  -> (artifact id: '2132753c2b2b044bbec8a7c244c21160') in 0.010724 seconds 
  Import took 0.014424 seconds .

========================================================================
Received Import Request.
  Time since last request: 23.443069 seconds.
  path: Assets/04.Sprites/Pixel Adventure 1/Assets/Main Characters/Ninja Frog/Jump (32x32).png
  artifactKey: Guid(4872bd1108769a946a6acb68dc156fcf) Importer(815301076,1909f56bfc062723c751e8b465ee728b)
Start importing Assets/04.Sprites/Pixel Adventure 1/Assets/Main Characters/Ninja Frog/Jump (32x32).png using Guid(4872bd1108769a946a6acb68dc156fcf) Importer(815301076,1909f56bfc062723c751e8b465ee728b)  -> (artifact id: '01a7a2fad0b7285d08d32a940d440867') in 0.007994 seconds 
  Import took 0.012335 seconds .

========================================================================
Received Import Request.
  Time since last request: 30.342408 seconds.
  path: Assets/04.Sprites/Pixel Adventure 1/Assets/Main Characters/Ninja Frog/Hit (32x32).png
  artifactKey: Guid(18a451ae5d817e04bbf3101eaed9466e) Importer(815301076,1909f56bfc062723c751e8b465ee728b)
Start importing Assets/04.Sprites/Pixel Adventure 1/Assets/Main Characters/Ninja Frog/Hit (32x32).png using Guid(18a451ae5d817e04bbf3101eaed9466e) Importer(815301076,1909f56bfc062723c751e8b465ee728b)  -> (artifact id: '89af034e9a3418ddaf6651211f742ad1') in 0.026066 seconds 
  Import took 0.030368 seconds .

========================================================================
Received Import Request.
  Time since last request: 2.835157 seconds.
  path: Assets/04.Sprites/Pixel Adventure 1/Assets/Main Characters/Ninja Frog/Double Jump (32x32).png
  artifactKey: Guid(4099f676255555240b5240f897805dce) Importer(815301076,1909f56bfc062723c751e8b465ee728b)
Start importing Assets/04.Sprites/Pixel Adventure 1/Assets/Main Characters/Ninja Frog/Double Jump (32x32).png using Guid(4099f676255555240b5240f897805dce) Importer(815301076,1909f56bfc062723c751e8b465ee728b)  -> (artifact id: '3f2771e8ee4ce326e7410cd30efabe11') in 0.021478 seconds 
  Import took 0.025452 seconds .

========================================================================
Received Import Request.
  Time since last request: 119.390665 seconds.
  path: Assets/05.Animations/Die.anim
  artifactKey: Guid(e5de221ce3c15424a92255f116ba9928) Importer(815301076,1909f56bfc062723c751e8b465ee728b)
Start importing Assets/05.Animations/Die.anim using Guid(e5de221ce3c15424a92255f116ba9928) Importer(815301076,1909f56bfc062723c751e8b465ee728b)  -> (artifact id: '7801343c91818dbf2edfd835534d61f9') in 0.009448 seconds 
  Import took 0.013750 seconds .

========================================================================
Received Import Request.
  Time since last request: 2.840565 seconds.
  path: Assets/05.Animations/Die.anim
  artifactKey: Guid(e5de221ce3c15424a92255f116ba9928) Importer(815301076,1909f56bfc062723c751e8b465ee728b)
Start importing Assets/05.Animations/Die.anim using Guid(e5de221ce3c15424a92255f116ba9928) Importer(815301076,1909f56bfc062723c751e8b465ee728b)  -> (artifact id: '302e7997422a22c3d1f8543ddce9bd17') in 0.002661 seconds 
  Import took 0.006896 seconds .

========================================================================
Received Import Request.
  Time since last request: 188.586394 seconds.
  path: Assets/05.Animations/Player.controller
  artifactKey: Guid(4d10b2f0dc172fa459277530c6744004) Importer(815301076,1909f56bfc062723c751e8b465ee728b)
Start importing Assets/05.Animations/Player.controller using Guid(4d10b2f0dc172fa459277530c6744004) Importer(815301076,1909f56bfc062723c751e8b465ee728b)  -> (artifact id: 'b700e0529d3de22830a903ff35204c11') in 0.012808 seconds 
  Import took 0.016508 seconds .

========================================================================
Received Import Request.
  Time since last request: 20.566304 seconds.
  path: Assets/05.Animations/Player.controller
  artifactKey: Guid(4d10b2f0dc172fa459277530c6744004) Importer(815301076,1909f56bfc062723c751e8b465ee728b)
Start importing Assets/05.Animations/Player.controller using Guid(4d10b2f0dc172fa459277530c6744004) Importer(815301076,1909f56bfc062723c751e8b465ee728b)  -> (artifact id: 'b6fb751188457d14e21eec4b2d8e719e') in 0.003017 seconds 
  Import took 0.007028 seconds .

AssetImportWorkerClient::OnTransportError - code=2 error=End of file
