Using pre-set license
Built from '2020.3/staging' branch; Version is '2020.3.24f1 (79c78de19888) revision 7980941'; Using compiler version '192528614'; Build Type 'Release'
OS: 'Windows 10  (10.0.19041) 64bit Professional' Language: 'ko' Physical Memory: 16266 MB
BatchMode: 1, IsHumanControllingUs: 0, StartBugReporterOnCrash: 0, Is64bit: 1, IsPro: 0

COMMAND LINE ARGUMENTS:
C:\Users\User\Unity\2020.3.24f1\Editor\Unity.exe
-adb2
-batchMode
-noUpm
-name
AssetImportWorker0
-projectPath
D:/Unity/Github/MyStudy/StudyDodge
-logFile
Logs/AssetImportWorker0.log
-srvPort
58119
Successfully changed project path to: D:/Unity/Github/MyStudy/StudyDodge
D:/Unity/Github/MyStudy/StudyDodge
Using Asset Import Pipeline V2.
Refreshing native plugins compatible for Editor in 40.12 ms, found 2 plugins.
Preloading 0 native plugins for Editor in 0.00 ms.
Initialize engine version: 2020.3.24f1 (79c78de19888)
[Subsystems] Discovering subsystems at path C:/Users/User/Unity/2020.3.24f1/Editor/Data/Resources/UnitySubsystems
[Subsystems] Discovering subsystems at path D:/Unity/Github/MyStudy/StudyDodge/Assets
GfxDevice: creating device client; threaded=0
Direct3D:
    Version:  Direct3D 11.0 [level 11.1]
    Renderer: NVIDIA GeForce GTX 1060 3GB (ID=0x1b84)
    Vendor:   
    VRAM:     2988 MB
    Driver:   27.21.14.5671
Initialize mono
Mono path[0] = 'C:/Users/User/Unity/2020.3.24f1/Editor/Data/Managed'
Mono path[1] = 'C:/Users/User/Unity/2020.3.24f1/Editor/Data/MonoBleedingEdge/lib/mono/unityjit'
Mono config path = 'C:/Users/User/Unity/2020.3.24f1/Editor/Data/MonoBleedingEdge/etc'
Using monoOptions --debugger-agent=transport=dt_socket,embedding=1,server=y,suspend=n,address=127.0.0.1:56120
Begin MonoManager ReloadAssembly
Registering precompiled unity dll's ...
Register platform support module: C:/Users/User/Unity/2020.3.24f1/Editor/Data/PlaybackEngines/WebGLSupport/UnityEditor.WebGL.Extensions.dll
Register platform support module: C:/Users/User/Unity/2020.3.24f1/Editor/Data/PlaybackEngines/WindowsStandaloneSupport/UnityEditor.WindowsStandalone.Extensions.dll
Registered in 0.003408 seconds.
Native extension for WindowsStandalone target not found
Native extension for WebGL target not found
Refreshing native plugins compatible for Editor in 39.51 ms, found 2 plugins.
Preloading 0 native plugins for Editor in 0.00 ms.
Mono: successfully reloaded assembly
- Completed reload, in  0.714 seconds
Domain Reload Profiling:
	ReloadAssembly (715ms)
		BeginReloadAssembly (103ms)
			ExecutionOrderSort (0ms)
			DisableScriptedObjects (0ms)
			BackupInstance (0ms)
			ReleaseScriptingObjects (0ms)
			CreateAndSetChildDomain (1ms)
		EndReloadAssembly (523ms)
			LoadAssemblies (101ms)
			RebuildTransferFunctionScriptingTraits (0ms)
			SetupTypeCache (188ms)
			ReleaseScriptCaches (0ms)
			RebuildScriptCaches (33ms)
			SetupLoadedEditorAssemblies (183ms)
				LogAssemblyErrors (0ms)
				InitializePlatformSupportModulesInManaged (5ms)
				SetLoadedEditorAssemblies (0ms)
				RefreshPlugins (40ms)
				BeforeProcessingInitializeOnLoad (20ms)
				ProcessInitializeOnLoadAttributes (90ms)
				ProcessInitializeOnLoadMethodAttributes (28ms)
				AfterProcessingInitializeOnLoad (0ms)
				EditorAssembliesLoaded (0ms)
			ExecutionOrderSort2 (0ms)
			AwakeInstancesAfterBackupRestoration (0ms)
Platform modules already initialized, skipping
Registering precompiled user dll's ...
Registered in 0.004132 seconds.
Begin MonoManager ReloadAssembly
Native extension for WindowsStandalone target not found
Native extension for WebGL target not found
Refreshing native plugins compatible for Editor in 0.64 ms, found 2 plugins.
Preloading 0 native plugins for Editor in 0.00 ms.
Mono: successfully reloaded assembly
- Completed reload, in  1.185 seconds
Domain Reload Profiling:
	ReloadAssembly (1186ms)
		BeginReloadAssembly (172ms)
			ExecutionOrderSort (0ms)
			DisableScriptedObjects (5ms)
			BackupInstance (0ms)
			ReleaseScriptingObjects (0ms)
			CreateAndSetChildDomain (18ms)
		EndReloadAssembly (940ms)
			LoadAssemblies (119ms)
			RebuildTransferFunctionScriptingTraits (0ms)
			SetupTypeCache (327ms)
			ReleaseScriptCaches (0ms)
			RebuildScriptCaches (43ms)
			SetupLoadedEditorAssemblies (351ms)
				LogAssemblyErrors (0ms)
				InitializePlatformSupportModulesInManaged (7ms)
				SetLoadedEditorAssemblies (1ms)
				RefreshPlugins (1ms)
				BeforeProcessingInitializeOnLoad (87ms)
				ProcessInitializeOnLoadAttributes (236ms)
				ProcessInitializeOnLoadMethodAttributes (9ms)
				AfterProcessingInitializeOnLoad (9ms)
				EditorAssembliesLoaded (0ms)
			ExecutionOrderSort2 (0ms)
			AwakeInstancesAfterBackupRestoration (6ms)
Platform modules already initialized, skipping
========================================================================
Worker process is ready to serve import requests
Launched and connected shader compiler UnityShaderCompiler.exe after 0.08 seconds
Refreshing native plugins compatible for Editor in 0.63 ms, found 2 plugins.
Preloading 0 native plugins for Editor in 0.00 ms.
Unloading 1505 Unused Serialized files (Serialized files now loaded: 0)
System memory in use before: 70.3 MB.
System memory in use after: 70.4 MB.

Unloading 19 unused Assets to reduce memory usage. Loaded Objects now: 1938.
Total: 2.687300 ms (FindLiveObjects: 0.152700 ms CreateObjectMapping: 0.051800 ms MarkObjects: 2.410400 ms  DeleteObjects: 0.071400 ms)

AssetImportParameters requested are different than current active one (requested -> active):
  custom:framework-win-MediaFoundation: 216162199b28c13a410421893ffa2e32 -> 
  custom:video-decoder-ogg-theora: a1e56fd34408186e4bbccfd4996cb3dc -> 
  custom:container-muxer-webm: aa71ff27fc2769a1b78a27578f13a17b -> 
  custom:container-demuxer-webm: 4f35f7cbe854078d1ac9338744f61a02 -> 
  custom:container-demuxer-ogg: 62fdf1f143b41e24485cea50d1cbac27 -> 
  custom:video-encoder-webm-vp8: eb34c28f22e8b96e1ab97ce403110664 -> 
  custom:video-decoder-webm-vp8: 9c59270c3fd7afecdb556c50c9e8de78 -> 
  custom:audio-decoder-ogg-vorbis: bf7c407c2cedff20999df2af8eb42d56 -> 
  custom:audio-encoder-webm-vorbis: bf7c407c2cedff20999df2af8eb42d56 -> 
========================================================================
Received Import Request.
  path: Assets/02_Scripts/GameManager.cs
  artifactKey: Guid(99e74ea24d053a2448a794894985d8b2) Importer(815301076,1909f56bfc062723c751e8b465ee728b)
Start importing Assets/02_Scripts/GameManager.cs using Guid(99e74ea24d053a2448a794894985d8b2) Importer(815301076,1909f56bfc062723c751e8b465ee728b)  -> (artifact id: '7fd35db4382327297abb511d9d1f78c5') in 0.165589 seconds 
  Import took 0.168769 seconds .

========================================================================
Received Import Request.
  Time since last request: 75.203117 seconds.
  path: Assets/02_Scripts/GameManager.cs
  artifactKey: Guid(99e74ea24d053a2448a794894985d8b2) Importer(815301076,1909f56bfc062723c751e8b465ee728b)
Start importing Assets/02_Scripts/GameManager.cs using Guid(99e74ea24d053a2448a794894985d8b2) Importer(815301076,1909f56bfc062723c751e8b465ee728b)  -> (artifact id: 'ca34bcdd56f369017f3e65fbe2383c17') in 0.017667 seconds 
  Import took 0.023984 seconds .

========================================================================
Received Import Request.
  Time since last request: 110.272761 seconds.
  path: Assets/02_Scripts/GameManager.cs
  artifactKey: Guid(99e74ea24d053a2448a794894985d8b2) Importer(815301076,1909f56bfc062723c751e8b465ee728b)
Start importing Assets/02_Scripts/GameManager.cs using Guid(99e74ea24d053a2448a794894985d8b2) Importer(815301076,1909f56bfc062723c751e8b465ee728b)  -> (artifact id: 'a53ecdff5ef45ad34d95988277a4d845') in 0.004437 seconds 
  Import took 0.032316 seconds .

========================================================================
Received Import Request.
  Time since last request: 45.941479 seconds.
  path: Assets/02_Scripts/GameManager.cs
  artifactKey: Guid(99e74ea24d053a2448a794894985d8b2) Importer(815301076,1909f56bfc062723c751e8b465ee728b)
Start importing Assets/02_Scripts/GameManager.cs using Guid(99e74ea24d053a2448a794894985d8b2) Importer(815301076,1909f56bfc062723c751e8b465ee728b)  -> (artifact id: '55c4ee8df92d390e78fd42894744b288') in 0.007392 seconds 
  Import took 0.012479 seconds .

========================================================================
Received Import Request.
  Time since last request: 199.856138 seconds.
  path: Assets/02_Scripts/GameManager.cs
  artifactKey: Guid(99e74ea24d053a2448a794894985d8b2) Importer(815301076,1909f56bfc062723c751e8b465ee728b)
Start importing Assets/02_Scripts/GameManager.cs using Guid(99e74ea24d053a2448a794894985d8b2) Importer(815301076,1909f56bfc062723c751e8b465ee728b)  -> (artifact id: 'ec6f7ce4aca2417b629e86799745d5bd') in 0.011167 seconds 
  Import took 0.016239 seconds .

========================================================================
Received Import Request.
  Time since last request: 52.757669 seconds.
  path: Assets/02_Scripts/GameManager.cs
  artifactKey: Guid(99e74ea24d053a2448a794894985d8b2) Importer(815301076,1909f56bfc062723c751e8b465ee728b)
Start importing Assets/02_Scripts/GameManager.cs using Guid(99e74ea24d053a2448a794894985d8b2) Importer(815301076,1909f56bfc062723c751e8b465ee728b)  -> (artifact id: '40bca7e23073565575752982410876f0') in 0.018599 seconds 
  Import took 0.042346 seconds .

========================================================================
Received Import Request.
  Time since last request: 17.993663 seconds.
  path: Assets/02_Scripts/GameManager.cs
  artifactKey: Guid(99e74ea24d053a2448a794894985d8b2) Importer(815301076,1909f56bfc062723c751e8b465ee728b)
Start importing Assets/02_Scripts/GameManager.cs using Guid(99e74ea24d053a2448a794894985d8b2) Importer(815301076,1909f56bfc062723c751e8b465ee728b)  -> (artifact id: '53a00748b545288432e4a5663f1bb90b') in 0.005476 seconds 
  Import took 0.056661 seconds .

========================================================================
Received Import Request.
  Time since last request: 151.595098 seconds.
  path: Assets/02_Scripts/GameManager.cs
  artifactKey: Guid(99e74ea24d053a2448a794894985d8b2) Importer(815301076,1909f56bfc062723c751e8b465ee728b)
Start importing Assets/02_Scripts/GameManager.cs using Guid(99e74ea24d053a2448a794894985d8b2) Importer(815301076,1909f56bfc062723c751e8b465ee728b)  -> (artifact id: '5d547fad8972c41baa6a278a6ea03d77') in 0.005816 seconds 
  Import took 0.016989 seconds .

========================================================================
Received Import Request.
  Time since last request: 140.411478 seconds.
  path: Assets/02_Scripts/GameManager.cs
  artifactKey: Guid(99e74ea24d053a2448a794894985d8b2) Importer(815301076,1909f56bfc062723c751e8b465ee728b)
Start importing Assets/02_Scripts/GameManager.cs using Guid(99e74ea24d053a2448a794894985d8b2) Importer(815301076,1909f56bfc062723c751e8b465ee728b)  -> (artifact id: '6ae4ce1f21b0ccc71cd629cec1425a71') in 0.017850 seconds 
  Import took 0.068611 seconds .

========================================================================
Received Import Request.
  Time since last request: 36.606740 seconds.
  path: Assets/02_Scripts/GameManager.cs
  artifactKey: Guid(99e74ea24d053a2448a794894985d8b2) Importer(815301076,1909f56bfc062723c751e8b465ee728b)
Start importing Assets/02_Scripts/GameManager.cs using Guid(99e74ea24d053a2448a794894985d8b2) Importer(815301076,1909f56bfc062723c751e8b465ee728b)  -> (artifact id: '48b052d01a135283ba442736ef05b064') in 0.006581 seconds 
  Import took 0.048934 seconds .

========================================================================
Received Import Request.
  Time since last request: 13.024376 seconds.
  path: Assets/02_Scripts/GameManager.cs
  artifactKey: Guid(99e74ea24d053a2448a794894985d8b2) Importer(815301076,1909f56bfc062723c751e8b465ee728b)
Start importing Assets/02_Scripts/GameManager.cs using Guid(99e74ea24d053a2448a794894985d8b2) Importer(815301076,1909f56bfc062723c751e8b465ee728b)  -> (artifact id: '50244a1b1be90fa7a8b0108c2c00a1b9') in 0.008788 seconds 
  Import took 0.027511 seconds .

========================================================================
Received Import Request.
  Time since last request: 336.027056 seconds.
  path: Assets/02_Scripts/GameManager.cs
  artifactKey: Guid(99e74ea24d053a2448a794894985d8b2) Importer(815301076,1909f56bfc062723c751e8b465ee728b)
Start importing Assets/02_Scripts/GameManager.cs using Guid(99e74ea24d053a2448a794894985d8b2) Importer(815301076,1909f56bfc062723c751e8b465ee728b)  -> (artifact id: '4fc85a59577d79ffe1882ff2e7fca43f') in 0.011734 seconds 
  Import took 0.028416 seconds .

========================================================================
Received Import Request.
  Time since last request: 17.092625 seconds.
  path: Assets/02_Scripts/GameManager.cs
  artifactKey: Guid(99e74ea24d053a2448a794894985d8b2) Importer(815301076,1909f56bfc062723c751e8b465ee728b)
Start importing Assets/02_Scripts/GameManager.cs using Guid(99e74ea24d053a2448a794894985d8b2) Importer(815301076,1909f56bfc062723c751e8b465ee728b)  -> (artifact id: 'f3772647e72e73fddc4c9cdd40c84de0') in 0.005257 seconds 
  Import took 0.021588 seconds .

========================================================================
Received Import Request.
  Time since last request: 72.558422 seconds.
  path: Assets/02_Scripts/GameManager.cs
  artifactKey: Guid(99e74ea24d053a2448a794894985d8b2) Importer(815301076,1909f56bfc062723c751e8b465ee728b)
Start importing Assets/02_Scripts/GameManager.cs using Guid(99e74ea24d053a2448a794894985d8b2) Importer(815301076,1909f56bfc062723c751e8b465ee728b)  -> (artifact id: 'a52f9c50ebe5de1df97571346e3093bc') in 0.005796 seconds 
  Import took 0.018099 seconds .

========================================================================
Received Import Request.
  Time since last request: 23.911779 seconds.
  path: Assets/02_Scripts/GameManager.cs
  artifactKey: Guid(99e74ea24d053a2448a794894985d8b2) Importer(815301076,1909f56bfc062723c751e8b465ee728b)
Start importing Assets/02_Scripts/GameManager.cs using Guid(99e74ea24d053a2448a794894985d8b2) Importer(815301076,1909f56bfc062723c751e8b465ee728b)  -> (artifact id: '7e111b10347a55cf9c520b85165732a9') in 0.004942 seconds 
  Import took 0.010041 seconds .

========================================================================
Received Prepare
Registering precompiled user dll's ...
Registered in 0.004244 seconds.
Begin MonoManager ReloadAssembly
Native extension for WindowsStandalone target not found
Native extension for WebGL target not found
Refreshing native plugins compatible for Editor in 0.34 ms, found 2 plugins.
Preloading 0 native plugins for Editor in 0.00 ms.
Mono: successfully reloaded assembly
- Completed reload, in  1.098 seconds
Domain Reload Profiling:
	ReloadAssembly (1099ms)
		BeginReloadAssembly (142ms)
			ExecutionOrderSort (0ms)
			DisableScriptedObjects (7ms)
			BackupInstance (0ms)
			ReleaseScriptingObjects (0ms)
			CreateAndSetChildDomain (32ms)
		EndReloadAssembly (880ms)
			LoadAssemblies (120ms)
			RebuildTransferFunctionScriptingTraits (0ms)
			SetupTypeCache (347ms)
			ReleaseScriptCaches (1ms)
			RebuildScriptCaches (39ms)
			SetupLoadedEditorAssemblies (302ms)
				LogAssemblyErrors (0ms)
				InitializePlatformSupportModulesInManaged (6ms)
				SetLoadedEditorAssemblies (1ms)
				RefreshPlugins (0ms)
				BeforeProcessingInitializeOnLoad (74ms)
				ProcessInitializeOnLoadAttributes (203ms)
				ProcessInitializeOnLoadMethodAttributes (8ms)
				AfterProcessingInitializeOnLoad (10ms)
				EditorAssembliesLoaded (0ms)
			ExecutionOrderSort2 (0ms)
			AwakeInstancesAfterBackupRestoration (7ms)
Platform modules already initialized, skipping
Refreshing native plugins compatible for Editor in 0.33 ms, found 2 plugins.
Preloading 0 native plugins for Editor in 0.00 ms.
Unloading 1499 Unused Serialized files (Serialized files now loaded: 0)
System memory in use before: 70.2 MB.
System memory in use after: 70.3 MB.

Unloading 14 unused Assets to reduce memory usage. Loaded Objects now: 1940.
Total: 2.554800 ms (FindLiveObjects: 0.153600 ms CreateObjectMapping: 0.053800 ms MarkObjects: 2.325200 ms  DeleteObjects: 0.021100 ms)

AssetImportParameters requested are different than current active one (requested -> active):
  custom:framework-win-MediaFoundation: 216162199b28c13a410421893ffa2e32 -> 
  custom:video-decoder-ogg-theora: a1e56fd34408186e4bbccfd4996cb3dc -> 
  custom:container-muxer-webm: aa71ff27fc2769a1b78a27578f13a17b -> 
  custom:container-demuxer-webm: 4f35f7cbe854078d1ac9338744f61a02 -> 
  custom:container-demuxer-ogg: 62fdf1f143b41e24485cea50d1cbac27 -> 
  custom:video-encoder-webm-vp8: eb34c28f22e8b96e1ab97ce403110664 -> 
  custom:video-decoder-webm-vp8: 9c59270c3fd7afecdb556c50c9e8de78 -> 
  custom:audio-decoder-ogg-vorbis: bf7c407c2cedff20999df2af8eb42d56 -> 
  custom:audio-encoder-webm-vorbis: bf7c407c2cedff20999df2af8eb42d56 -> 
========================================================================
Received Prepare
Registering precompiled user dll's ...
Registered in 0.004081 seconds.
Begin MonoManager ReloadAssembly
Native extension for WindowsStandalone target not found
Native extension for WebGL target not found
Refreshing native plugins compatible for Editor in 0.34 ms, found 2 plugins.
Preloading 0 native plugins for Editor in 0.00 ms.
Mono: successfully reloaded assembly
- Completed reload, in  1.073 seconds
Domain Reload Profiling:
	ReloadAssembly (1074ms)
		BeginReloadAssembly (145ms)
			ExecutionOrderSort (0ms)
			DisableScriptedObjects (5ms)
			BackupInstance (0ms)
			ReleaseScriptingObjects (0ms)
			CreateAndSetChildDomain (38ms)
		EndReloadAssembly (856ms)
			LoadAssemblies (114ms)
			RebuildTransferFunctionScriptingTraits (0ms)
			SetupTypeCache (303ms)
			ReleaseScriptCaches (1ms)
			RebuildScriptCaches (39ms)
			SetupLoadedEditorAssemblies (313ms)
				LogAssemblyErrors (0ms)
				InitializePlatformSupportModulesInManaged (6ms)
				SetLoadedEditorAssemblies (1ms)
				RefreshPlugins (0ms)
				BeforeProcessingInitializeOnLoad (81ms)
				ProcessInitializeOnLoadAttributes (209ms)
				ProcessInitializeOnLoadMethodAttributes (8ms)
				AfterProcessingInitializeOnLoad (8ms)
				EditorAssembliesLoaded (0ms)
			ExecutionOrderSort2 (0ms)
			AwakeInstancesAfterBackupRestoration (7ms)
Platform modules already initialized, skipping
Refreshing native plugins compatible for Editor in 0.44 ms, found 2 plugins.
Preloading 0 native plugins for Editor in 0.00 ms.
Unloading 1499 Unused Serialized files (Serialized files now loaded: 0)
System memory in use before: 70.2 MB.
System memory in use after: 70.3 MB.

Unloading 14 unused Assets to reduce memory usage. Loaded Objects now: 1942.
Total: 2.656600 ms (FindLiveObjects: 0.152700 ms CreateObjectMapping: 0.052200 ms MarkObjects: 2.434700 ms  DeleteObjects: 0.016100 ms)

AssetImportParameters requested are different than current active one (requested -> active):
  custom:framework-win-MediaFoundation: 216162199b28c13a410421893ffa2e32 -> 
  custom:video-decoder-ogg-theora: a1e56fd34408186e4bbccfd4996cb3dc -> 
  custom:container-muxer-webm: aa71ff27fc2769a1b78a27578f13a17b -> 
  custom:container-demuxer-webm: 4f35f7cbe854078d1ac9338744f61a02 -> 
  custom:container-demuxer-ogg: 62fdf1f143b41e24485cea50d1cbac27 -> 
  custom:video-encoder-webm-vp8: eb34c28f22e8b96e1ab97ce403110664 -> 
  custom:video-decoder-webm-vp8: 9c59270c3fd7afecdb556c50c9e8de78 -> 
  custom:audio-decoder-ogg-vorbis: bf7c407c2cedff20999df2af8eb42d56 -> 
  custom:audio-encoder-webm-vorbis: bf7c407c2cedff20999df2af8eb42d56 -> 
========================================================================
Received Prepare
Registering precompiled user dll's ...
Registered in 0.006392 seconds.
Begin MonoManager ReloadAssembly
Native extension for WindowsStandalone target not found
Native extension for WebGL target not found
Refreshing native plugins compatible for Editor in 0.37 ms, found 2 plugins.
Preloading 0 native plugins for Editor in 0.00 ms.
Mono: successfully reloaded assembly
- Completed reload, in  1.074 seconds
Domain Reload Profiling:
	ReloadAssembly (1074ms)
		BeginReloadAssembly (131ms)
			ExecutionOrderSort (0ms)
			DisableScriptedObjects (5ms)
			BackupInstance (0ms)
			ReleaseScriptingObjects (0ms)
			CreateAndSetChildDomain (30ms)
		EndReloadAssembly (868ms)
			LoadAssemblies (105ms)
			RebuildTransferFunctionScriptingTraits (0ms)
			SetupTypeCache (295ms)
			ReleaseScriptCaches (1ms)
			RebuildScriptCaches (54ms)
			SetupLoadedEditorAssemblies (304ms)
				LogAssemblyErrors (0ms)
				InitializePlatformSupportModulesInManaged (10ms)
				SetLoadedEditorAssemblies (1ms)
				RefreshPlugins (0ms)
				BeforeProcessingInitializeOnLoad (75ms)
				ProcessInitializeOnLoadAttributes (201ms)
				ProcessInitializeOnLoadMethodAttributes (10ms)
				AfterProcessingInitializeOnLoad (8ms)
				EditorAssembliesLoaded (0ms)
			ExecutionOrderSort2 (0ms)
			AwakeInstancesAfterBackupRestoration (8ms)
Platform modules already initialized, skipping
Refreshing native plugins compatible for Editor in 0.34 ms, found 2 plugins.
Preloading 0 native plugins for Editor in 0.00 ms.
Unloading 1499 Unused Serialized files (Serialized files now loaded: 0)
System memory in use before: 70.2 MB.
System memory in use after: 70.3 MB.

Unloading 14 unused Assets to reduce memory usage. Loaded Objects now: 1944.
Total: 2.519200 ms (FindLiveObjects: 0.142800 ms CreateObjectMapping: 0.047200 ms MarkObjects: 2.311900 ms  DeleteObjects: 0.016300 ms)

AssetImportParameters requested are different than current active one (requested -> active):
  custom:framework-win-MediaFoundation: 216162199b28c13a410421893ffa2e32 -> 
  custom:video-decoder-ogg-theora: a1e56fd34408186e4bbccfd4996cb3dc -> 
  custom:container-muxer-webm: aa71ff27fc2769a1b78a27578f13a17b -> 
  custom:container-demuxer-webm: 4f35f7cbe854078d1ac9338744f61a02 -> 
  custom:container-demuxer-ogg: 62fdf1f143b41e24485cea50d1cbac27 -> 
  custom:video-encoder-webm-vp8: eb34c28f22e8b96e1ab97ce403110664 -> 
  custom:video-decoder-webm-vp8: 9c59270c3fd7afecdb556c50c9e8de78 -> 
  custom:audio-decoder-ogg-vorbis: bf7c407c2cedff20999df2af8eb42d56 -> 
  custom:audio-encoder-webm-vorbis: bf7c407c2cedff20999df2af8eb42d56 -> 
AssetImportWorkerClient::OnTransportError - code=2 error=End of file
